app/build/outputs/logs/manifest-merger-debug-report.txt
-- Merging decision tree log ---
manifest
ADDED from src/main/AndroidManifest.xml:2:1-56:12
	package
		ADDED from src/main/AndroidManifest.xml:3:5-38
		INJECTED from src/main/AndroidManifest.xml
		INJECTED from src/main/AndroidManifest.xml
	android:versionName
		INJECTED from src/main/AndroidManifest.xml
		INJECTED from src/main/AndroidManifest.xml
	xmlns:android
		ADDED from src/main/AndroidManifest.xml:2:11-69
	android:versionCode
		INJECTED from src/main/AndroidManifest.xml
		INJECTED from src/main/AndroidManifest.xml
uses-permission#android.permission.INTERNET
ADDED from src/main/AndroidManifest.xml:5:5-67
	android:name
		ADDED from src/main/AndroidManifest.xml:5:22-64
uses-permission#android.permission.ACCESS_NETWORK_STATE
ADDED from src/main/AndroidManifest.xml:6:5-79
	android:name
		ADDED from src/main/AndroidManifest.xml:6:22-76
uses-permission#android.permission.WAKE_LOCK
ADDED from src/main/AndroidManifest.xml:7:5-67
	android:name
		ADDED from src/main/AndroidManifest.xml:7:22-65
uses-feature#android.hardware.bluetooth_le
ADDED from src/main/AndroidManifest.xml:9:5-11:35
MERGED from [499_AndroidApp-master:zentri_ble:unspecified] AndroidManifest.xml:32:5-34:35
	android:required
		ADDED from src/main/AndroidManifest.xml:11:9-32
	android:name
		ADDED from src/main/AndroidManifest.xml:10:9-53
application
ADDED from src/main/AndroidManifest.xml:13:5-54:19
MERGED from [com.android.support:recyclerview-v7:22.0.0] AndroidManifest.xml:22:5-26:19
MERGED from [com.android.support:support-v4:23.0.1] AndroidManifest.xml:22:5-20
MERGED from [com.android.support:design:22.2.0] AndroidManifest.xml:22:5-20
MERGED from [com.android.support:appcompat-v7:22.2.1] AndroidManifest.xml:22:5-20
	android:label
		ADDED from src/main/AndroidManifest.xml:17:9-41
	android:allowBackup
		ADDED from src/main/AndroidManifest.xml:14:9-35
	android:icon
		ADDED from src/main/AndroidManifest.xml:15:9-43
	android:theme
		ADDED from src/main/AndroidManifest.xml:18:9-40
	android:name
		ADDED from src/main/AndroidManifest.xml:16:9-45
activity#com.adherence.adherence.FirstActivity
ADDED from src/main/AndroidManifest.xml:19:9-28:20
	android:label
		ADDED from src/main/AndroidManifest.xml:22:13-45
	android:configChanges
		ADDED from src/main/AndroidManifest.xml:21:13-63
	android:name
		ADDED from src/main/AndroidManifest.xml:20:13-42
intent-filter#android.intent.action.MAIN+android.intent.category.LAUNCHER
ADDED from src/main/AndroidManifest.xml:23:13-27:29
action#android.intent.action.MAIN
ADDED from src/main/AndroidManifest.xml:24:17-69
	android:name
		ADDED from src/main/AndroidManifest.xml:24:25-66
category#android.intent.category.LAUNCHER
ADDED from src/main/AndroidManifest.xml:26:17-77
	android:name
		ADDED from src/main/AndroidManifest.xml:26:27-74
activity#com.adherence.adherence.MainActivity
ADDED from src/main/AndroidManifest.xml:30:9-31:20
	android:name
		ADDED from src/main/AndroidManifest.xml:30:19-47
activity#com.adherence.adherence.NextActivity
ADDED from src/main/AndroidManifest.xml:32:5-33:16
	android:name
		ADDED from src/main/AndroidManifest.xml:32:15-43
receiver#com.adherence.adherence.NotificationReceiver
ADDED from src/main/AndroidManifest.xml:34:9-58
	android:name
		ADDED from src/main/AndroidManifest.xml:34:19-55
service#com.adherence.adherence.NotificationService
ADDED from src/main/AndroidManifest.xml:35:9-56
	android:name
		ADDED from src/main/AndroidManifest.xml:35:18-53
activity#com.adherence.adherence.MainActivity2
ADDED from src/main/AndroidManifest.xml:37:9-45:20
	android:label
		ADDED from src/main/AndroidManifest.xml:39:13-45
	android:name
		ADDED from src/main/AndroidManifest.xml:38:13-42
service#com.adherence.adherence.ZentriOSBLEService
ADDED from src/main/AndroidManifest.xml:47:9-51:19
	android:label
		ADDED from src/main/AndroidManifest.xml:50:13-49
	android:icon
		ADDED from src/main/AndroidManifest.xml:49:13-47
	android:name
		ADDED from src/main/AndroidManifest.xml:48:13-47
service#com.adherence.adherence.MyService
ADDED from src/main/AndroidManifest.xml:52:9-46
	android:name
		ADDED from src/main/AndroidManifest.xml:52:18-43
uses-sdk
INJECTED from src/main/AndroidManifest.xml reason: use-sdk injection requested
MERGED from [com.android.support:recyclerview-v7:22.0.0] AndroidManifest.xml:20:5-43
MERGED from [com.android.support:support-v4:23.0.1] AndroidManifest.xml:20:5-43
MERGED from [com.android.support:design:22.2.0] AndroidManifest.xml:20:5-43
MERGED from [com.android.support:appcompat-v7:22.2.1] AndroidManifest.xml:20:5-43
MERGED from [499_AndroidApp-master:zentri_ble:unspecified] AndroidManifest.xml:25:5-27:41
MERGED from [499_AndroidApp-master:zentri_ble_command:unspecified] AndroidManifest.xml:25:5-27:41
	android:targetSdkVersion
		INJECTED from src/main/AndroidManifest.xml
		INJECTED from src/main/AndroidManifest.xml
	android:minSdkVersion
		INJECTED from src/main/AndroidManifest.xml
		INJECTED from src/main/AndroidManifest.xml
activity#android.support.v7.widget.TestActivity
ADDED from [com.android.support:recyclerview-v7:22.0.0] AndroidManifest.xml:23:9-25:56
	android:label
		ADDED from [com.android.support:recyclerview-v7:22.0.0] AndroidManifest.xml:25:13-53
	android:name
		ADDED from [com.android.support:recyclerview-v7:22.0.0] AndroidManifest.xml:24:13-66
uses-permission#android.permission.BLUETOOTH
ADDED from [499_AndroidApp-master:zentri_ble:unspecified] AndroidManifest.xml:29:5-68
	android:name
		ADDED from [499_AndroidApp-master:zentri_ble:unspecified] AndroidManifest.xml:29:22-65
uses-permission#android.permission.BLUETOOTH_ADMIN
ADDED from [499_AndroidApp-master:zentri_ble:unspecified] AndroidManifest.xml:30:5-74
	android:name
		ADDED from [499_AndroidApp-master:zentri_ble:unspecified] AndroidManifest.xml:30:22-71